Deleted /tmp/raid
getflag raidflag=false
getflag raidflag=false
Start process doTriggerMonit,raid=false
getflag raidflag=false
flag==false,wait
SLF4J: Class path contains multiple SLF4J bindings.
SLF4J: Found binding in [jar:file:/home/hadoop/hadoop-20/lib/slf4j-log4j12-1.6.1-hadoop.jar!/org/slf4j/impl/StaticLoggerBinder.class]
SLF4J: Found binding in [jar:file:/home/hadoop/hadoop-20/build/ivy/lib/Hadoop/common/slf4j-log4j12-1.6.1.jar!/org/slf4j/impl/StaticLoggerBinder.class]
SLF4J: See http://www.slf4j.org/codes.html#multiple_bindings for an explanation.
wait for client
****Allocating new block****
****nextBlockOutputStream****
****locateFollowingBlock****
****Allocating new block****
****nextBlockOutputStream****
****locateFollowingBlock****
****Allocating new block****
****nextBlockOutputStream****
****locateFollowingBlock****
getflag raidflag=false
flag==false,wait
****Allocating new block****
****nextBlockOutputStream****
****locateFollowingBlock****
getflag raidflag=false
flag==false,wait
getflag raidflag=false
flag==false,wait
getflag raidflag=false
flag==false,wait
getflag raidflag=false
flag==false,wait
getflag raidflag=false
flag==false,wait
getflag raidflag=false
flag==false,wait
getflag raidflag=false
flag==false,wait
getflag raidflag=false
flag==false,wait
getflag raidflag=false
flag==false,wait
getflag raidflag=false
flag==false,wait
getflag raidflag=false
flag==false,wait
getflag raidflag=false
flag==false,wait
getflag raidflag=false
flag==false,wait
getflag raidflag=false
flag==false,wait
getflag raidflag=false
flag==false,wait
getflag raidflag=false
flag==false,wait
getflag raidflag=false
flag==false,wait
getflag raidflag=false
flag==false,wait
getflag raidflag=false
flag==false,wait
getflag raidflag=false
flag==false,wait
